<?xml version="1.0" encoding="UTF-8"?>
<testsuite xmlns:xsi="http://www.w3.org/2001/XMLSchema-instance" xsi:noNamespaceSchemaLocation="https://maven.apache.org/surefire/maven-surefire-plugin/xsd/surefire-test-report-3.0.xsd" version="3.0" name="com.store.MainTest$StoreServiceTests" time="0.646" tests="5" errors="0" skipped="0" failures="0">
  <properties>
    <property name="java.specification.version" value="21"/>
    <property name="sun.cpu.isalist" value="amd64"/>
    <property name="sun.jnu.encoding" value="Cp1252"/>
    <property name="java.class.path" value="C:\Users\Owner\JavaStoreInventorySystem\store-inventory-system\target\test-classes;C:\Users\Owner\JavaStoreInventorySystem\store-inventory-system\target\classes;C:\Users\Owner\.m2\repository\com\fasterxml\jackson\core\jackson-databind\2.14.0\jackson-databind-2.14.0.jar;C:\Users\Owner\.m2\repository\com\fasterxml\jackson\core\jackson-annotations\2.14.0\jackson-annotations-2.14.0.jar;C:\Users\Owner\.m2\repository\com\fasterxml\jackson\core\jackson-core\2.14.0\jackson-core-2.14.0.jar;C:\Users\Owner\.m2\repository\com\fasterxml\jackson\datatype\jackson-datatype-jsr310\2.14.0\jackson-datatype-jsr310-2.14.0.jar;C:\Users\Owner\.m2\repository\org\openjfx\javafx-controls\21.0.1\javafx-controls-21.0.1.jar;C:\Users\Owner\.m2\repository\org\openjfx\javafx-controls\21.0.1\javafx-controls-21.0.1-win.jar;C:\Users\Owner\.m2\repository\org\openjfx\javafx-graphics\21.0.1\javafx-graphics-21.0.1.jar;C:\Users\Owner\.m2\repository\org\openjfx\javafx-graphics\21.0.1\javafx-graphics-21.0.1-win.jar;C:\Users\Owner\.m2\repository\org\openjfx\javafx-base\21.0.1\javafx-base-21.0.1.jar;C:\Users\Owner\.m2\repository\org\openjfx\javafx-base\21.0.1\javafx-base-21.0.1-win.jar;C:\Users\Owner\.m2\repository\org\openjfx\javafx-fxml\21.0.1\javafx-fxml-21.0.1.jar;C:\Users\Owner\.m2\repository\org\openjfx\javafx-fxml\21.0.1\javafx-fxml-21.0.1-win.jar;C:\Users\Owner\.m2\repository\org\junit\jupiter\junit-jupiter-api\5.9.2\junit-jupiter-api-5.9.2.jar;C:\Users\Owner\.m2\repository\org\opentest4j\opentest4j\1.2.0\opentest4j-1.2.0.jar;C:\Users\Owner\.m2\repository\org\junit\platform\junit-platform-commons\1.9.2\junit-platform-commons-1.9.2.jar;C:\Users\Owner\.m2\repository\org\apiguardian\apiguardian-api\1.1.2\apiguardian-api-1.1.2.jar;C:\Users\Owner\.m2\repository\org\junit\jupiter\junit-jupiter-engine\5.9.2\junit-jupiter-engine-5.9.2.jar;C:\Users\Owner\.m2\repository\org\junit\platform\junit-platform-engine\1.9.2\junit-platform-engine-1.9.2.jar;C:\Users\Owner\.m2\repository\org\junit\jupiter\junit-jupiter-params\5.9.2\junit-jupiter-params-5.9.2.jar;"/>
    <property name="java.vm.vendor" value="Microsoft"/>
    <property name="sun.arch.data.model" value="64"/>
    <property name="user.variant" value=""/>
    <property name="java.vendor.url" value="https://www.microsoft.com"/>
    <property name="user.timezone" value="America/New_York"/>
    <property name="os.name" value="Windows 11"/>
    <property name="java.vm.specification.version" value="21"/>
    <property name="sun.java.launcher" value="SUN_STANDARD"/>
    <property name="user.country" value="US"/>
    <property name="sun.boot.library.path" value="C:\Program Files\Microsoft\jdk-21.0.5.11-hotspot\bin"/>
    <property name="sun.java.command" value="C:\Users\Owner\AppData\Local\Temp\surefire7775729107012574203\surefirebooter-20250418230829818_3.jar C:\Users\Owner\AppData\Local\Temp\surefire7775729107012574203 2025-04-18T23-08-29_623-jvmRun1 surefire-20250418230829818_1tmp surefire_0-20250418230829818_2tmp"/>
    <property name="jdk.debug" value="release"/>
    <property name="surefire.test.class.path" value="C:\Users\Owner\JavaStoreInventorySystem\store-inventory-system\target\test-classes;C:\Users\Owner\JavaStoreInventorySystem\store-inventory-system\target\classes;C:\Users\Owner\.m2\repository\com\fasterxml\jackson\core\jackson-databind\2.14.0\jackson-databind-2.14.0.jar;C:\Users\Owner\.m2\repository\com\fasterxml\jackson\core\jackson-annotations\2.14.0\jackson-annotations-2.14.0.jar;C:\Users\Owner\.m2\repository\com\fasterxml\jackson\core\jackson-core\2.14.0\jackson-core-2.14.0.jar;C:\Users\Owner\.m2\repository\com\fasterxml\jackson\datatype\jackson-datatype-jsr310\2.14.0\jackson-datatype-jsr310-2.14.0.jar;C:\Users\Owner\.m2\repository\org\openjfx\javafx-controls\21.0.1\javafx-controls-21.0.1.jar;C:\Users\Owner\.m2\repository\org\openjfx\javafx-controls\21.0.1\javafx-controls-21.0.1-win.jar;C:\Users\Owner\.m2\repository\org\openjfx\javafx-graphics\21.0.1\javafx-graphics-21.0.1.jar;C:\Users\Owner\.m2\repository\org\openjfx\javafx-graphics\21.0.1\javafx-graphics-21.0.1-win.jar;C:\Users\Owner\.m2\repository\org\openjfx\javafx-base\21.0.1\javafx-base-21.0.1.jar;C:\Users\Owner\.m2\repository\org\openjfx\javafx-base\21.0.1\javafx-base-21.0.1-win.jar;C:\Users\Owner\.m2\repository\org\openjfx\javafx-fxml\21.0.1\javafx-fxml-21.0.1.jar;C:\Users\Owner\.m2\repository\org\openjfx\javafx-fxml\21.0.1\javafx-fxml-21.0.1-win.jar;C:\Users\Owner\.m2\repository\org\junit\jupiter\junit-jupiter-api\5.9.2\junit-jupiter-api-5.9.2.jar;C:\Users\Owner\.m2\repository\org\opentest4j\opentest4j\1.2.0\opentest4j-1.2.0.jar;C:\Users\Owner\.m2\repository\org\junit\platform\junit-platform-commons\1.9.2\junit-platform-commons-1.9.2.jar;C:\Users\Owner\.m2\repository\org\apiguardian\apiguardian-api\1.1.2\apiguardian-api-1.1.2.jar;C:\Users\Owner\.m2\repository\org\junit\jupiter\junit-jupiter-engine\5.9.2\junit-jupiter-engine-5.9.2.jar;C:\Users\Owner\.m2\repository\org\junit\platform\junit-platform-engine\1.9.2\junit-platform-engine-1.9.2.jar;C:\Users\Owner\.m2\repository\org\junit\jupiter\junit-jupiter-params\5.9.2\junit-jupiter-params-5.9.2.jar;"/>
    <property name="sun.cpu.endian" value="little"/>
    <property name="user.home" value="C:\Users\Owner"/>
    <property name="user.language" value="en"/>
    <property name="java.specification.vendor" value="Oracle Corporation"/>
    <property name="java.version.date" value="2024-10-15"/>
    <property name="java.home" value="C:\Program Files\Microsoft\jdk-21.0.5.11-hotspot"/>
    <property name="file.separator" value="\"/>
    <property name="basedir" value="C:\Users\Owner\JavaStoreInventorySystem\store-inventory-system"/>
    <property name="java.vm.compressedOopsMode" value="Zero based"/>
    <property name="line.separator" value="&#10;"/>
    <property name="java.vm.specification.vendor" value="Oracle Corporation"/>
    <property name="java.specification.name" value="Java Platform API Specification"/>
    <property name="surefire.real.class.path" value="C:\Users\Owner\AppData\Local\Temp\surefire7775729107012574203\surefirebooter-20250418230829818_3.jar"/>
    <property name="user.script" value=""/>
    <property name="sun.management.compiler" value="HotSpot 64-Bit Tiered Compilers"/>
    <property name="java.runtime.version" value="21.0.5+11-LTS"/>
    <property name="user.name" value="Owner"/>
    <property name="stdout.encoding" value="Cp1252"/>
    <property name="path.separator" value=";"/>
    <property name="os.version" value="10.0"/>
    <property name="java.runtime.name" value="OpenJDK Runtime Environment"/>
    <property name="file.encoding" value="UTF-8"/>
    <property name="java.vm.name" value="OpenJDK 64-Bit Server VM"/>
    <property name="java.vendor.version" value="Microsoft-10377968"/>
    <property name="localRepository" value="C:\Users\Owner\.m2\repository"/>
    <property name="java.vendor.url.bug" value="https://github.com/microsoft/openjdk/issues"/>
    <property name="java.io.tmpdir" value="C:\Users\Owner\AppData\Local\Temp\"/>
    <property name="java.version" value="21.0.5"/>
    <property name="user.dir" value="C:\Users\Owner\JavaStoreInventorySystem\store-inventory-system"/>
    <property name="os.arch" value="amd64"/>
    <property name="java.vm.specification.name" value="Java Virtual Machine Specification"/>
    <property name="sun.os.patch.level" value=""/>
    <property name="native.encoding" value="Cp1252"/>
    <property name="java.library.path" value="C:\Program Files\Microsoft\jdk-21.0.5.11-hotspot\bin;C:\Windows\Sun\Java\bin;C:\Windows\system32;C:\Windows;C:\app\Owner\product\21c\dbhomeXE\bin;C:\Program Files\Eclipse Adoptium\jdk-21.0.6.7-hotspot\bin;C:\Program Files\Microsoft\jdk-21.0.5.11-hotspot\bin;C:\Python312\;c:\Users\Owner\AppData\Local\Programs\cursor\resources\app\bin;C:\Windows\system32;C:\Windows\System32\Wbem;C:\Windows\System32\WindowsPowerShell\v1.0\;C:\Windows\System32\OpenSSH\;C:\Program Files\Microsoft SQL Server\Client SDK\ODBC\170\Tools\Binn\;C:\Program Files\dotnet\;C:\Program Files (x86)\Microsoft SQL Server\160\DTS\Binn\;C:\Program Files (x86)\Microsoft SQL Server\160\Tools\Binn\;C:\Program Files\Microsoft SQL Server\160\Tools\Binn\;C:\Program Files\Microsoft SQL Server\160\DTS\Binn\;C:\Program Files\Microsoft SQL Server\150\Tools\Binn\;C:\Program Files (x86)\Windows Kits\10\Windows Performance Toolkit\;C:\ProgramData\chocolatey\bin;C:\Users\Owner\AppData\Local\Programs\Python\Python311\Scripts\;C:\Users\Owner\AppData\Local\Programs\Python\Python311\;C:\Users\Owner\AppData\Local\Microsoft\WindowsApp;C:\Program Files (x86)\Intel\Intel(R) Management Engine Components\DAL;C:\Program Files\Intel\Intel(R) Management Engine Components\DAL;C:\Program Files\apache-maven-3.9.9\bin;C:\Users\Owner\AppData\Roaming\nvm;C:\nvm4w\nodejs;C:\Program Files (x86)\PowerShell\7\;C:\Program Files\Git\cmd;C:\Program Files\PowerShell\7\;C:\Program Files\nodejs\;C:\Users\Owner\AppData\Local\Microsoft\WindowsApps;C:\Users\Owner\AppData\Local\Programs\Microsoft VS Code\bin;C:\Users\Owner\.dotnet\tools;C:\ProgramData\ffmpeg\bin;C:\Users\Owner\AppData\Roaming\npm;C:\Users\Owner\AppData\Local\Programs\cursor\resources\app\bin;C:\Users\Owner\AppData\Local\Programs\Microsoft VS Code Insiders\bin;."/>
    <property name="java.vm.info" value="mixed mode, sharing"/>
    <property name="stderr.encoding" value="Cp1252"/>
    <property name="java.vendor" value="Microsoft"/>
    <property name="java.vm.version" value="21.0.5+11-LTS"/>
    <property name="sun.io.unicode.encoding" value="UnicodeLittle"/>
    <property name="java.class.version" value="65.0"/>
  </properties>
  <testcase name="testRemoveProduct" classname="com.store.MainTest$StoreServiceTests" time="0.571">
    <system-out><![CDATA[Using inventory file at: C:\Users\Owner\.store-inventory\inventory.json
Existing inventory file found. Using current data.
Detected inventory JSON missing 'type' property. Fixing format...
Created backup at C:\Users\Owner\.store-inventory\inventory.json.missing-type.bak
Fixed inventory file format by adding 'type' property to all products
Inventory loaded successfully from C:\Users\Owner\.store-inventory\inventory.json
Inventory saved with 12 products to C:\Users\Owner\.store-inventory\inventory.json
Inventory saved with 11 products to C:\Users\Owner\.store-inventory\inventory.json
Inventory saved with 10 products to C:\Users\Owner\.store-inventory\inventory.json
Inventory saved with 9 products to C:\Users\Owner\.store-inventory\inventory.json
Inventory saved with 8 products to C:\Users\Owner\.store-inventory\inventory.json
Inventory saved with 7 products to C:\Users\Owner\.store-inventory\inventory.json
Inventory saved with 6 products to C:\Users\Owner\.store-inventory\inventory.json
Inventory saved with 5 products to C:\Users\Owner\.store-inventory\inventory.json
Inventory saved with 4 products to C:\Users\Owner\.store-inventory\inventory.json
Inventory saved with 3 products to C:\Users\Owner\.store-inventory\inventory.json
Inventory saved with 2 products to C:\Users\Owner\.store-inventory\inventory.json
Inventory saved with 1 products to C:\Users\Owner\.store-inventory\inventory.json
WARNING: Attempting to save empty inventory over existing data!
Creating backup before proceeding...
Skipping save since inventory is empty!
Inventory saved with 1 products to C:\Users\Owner\.store-inventory\inventory.json
Inventory saved with 2 products to C:\Users\Owner\.store-inventory\inventory.json
Inventory saved with 1 products to C:\Users\Owner\.store-inventory\inventory.json
WARNING: Attempting to save empty inventory over existing data!
Creating backup before proceeding...
Skipping save since inventory is empty!
]]></system-out>
    <system-err><![CDATA[Could not read existing inventory: Could not resolve subtype of [simple type, class com.store.model.Product]: missing type id property 'type'
 at [Source: (File); line: 7, column: 1] (through reference chain: java.lang.Object[][0])
Could not read existing inventory: Could not resolve subtype of [simple type, class com.store.model.Product]: missing type id property 'type'
 at [Source: (File); line: 7, column: 1] (through reference chain: java.lang.Object[][0])
]]></system-err>
  </testcase>
  <testcase name="testTotalCalculations" classname="com.store.MainTest$StoreServiceTests" time="0.01">
    <system-out><![CDATA[Inventory saved with 1 products to C:\Users\Owner\.store-inventory\inventory.json
Inventory saved with 2 products to C:\Users\Owner\.store-inventory\inventory.json
Inventory saved with 1 products to C:\Users\Owner\.store-inventory\inventory.json
WARNING: Attempting to save empty inventory over existing data!
Creating backup before proceeding...
Skipping save since inventory is empty!
]]></system-out>
    <system-err><![CDATA[Could not read existing inventory: Could not resolve subtype of [simple type, class com.store.model.Product]: missing type id property 'type'
 at [Source: (File); line: 7, column: 1] (through reference chain: java.lang.Object[][0])
]]></system-err>
  </testcase>
  <testcase name="testAddProduct" classname="com.store.MainTest$StoreServiceTests" time="0.005">
    <system-out><![CDATA[Inventory saved with 1 products to C:\Users\Owner\.store-inventory\inventory.json
WARNING: Attempting to save empty inventory over existing data!
Creating backup before proceeding...
Skipping save since inventory is empty!
]]></system-out>
    <system-err><![CDATA[Could not read existing inventory: Could not resolve subtype of [simple type, class com.store.model.Product]: missing type id property 'type'
 at [Source: (File); line: 7, column: 1] (through reference chain: java.lang.Object[][0])
]]></system-err>
  </testcase>
  <testcase name="testDiscountCalculations" classname="com.store.MainTest$StoreServiceTests" time="0.022">
    <system-out><![CDATA[Inventory saved with 1 products to C:\Users\Owner\.store-inventory\inventory.json
Inventory saved with 2 products to C:\Users\Owner\.store-inventory\inventory.json
Inventory saved with 1 products to C:\Users\Owner\.store-inventory\inventory.json
WARNING: Attempting to save empty inventory over existing data!
Creating backup before proceeding...
Skipping save since inventory is empty!
]]></system-out>
    <system-err><![CDATA[Could not read existing inventory: Could not resolve subtype of [simple type, class com.store.model.Product]: missing type id property 'type'
 at [Source: (File); line: 8, column: 1] (through reference chain: java.lang.Object[][0])
]]></system-err>
  </testcase>
  <testcase name="testFindProductByName" classname="com.store.MainTest$StoreServiceTests" time="0.008">
    <system-out><![CDATA[Inventory saved with 1 products to C:\Users\Owner\.store-inventory\inventory.json
Inventory saved with 2 products to C:\Users\Owner\.store-inventory\inventory.json
Inventory saved with 1 products to C:\Users\Owner\.store-inventory\inventory.json
WARNING: Attempting to save empty inventory over existing data!
Creating backup before proceeding...
Skipping save since inventory is empty!
]]></system-out>
    <system-err><![CDATA[Could not read existing inventory: Could not resolve subtype of [simple type, class com.store.model.Product]: missing type id property 'type'
 at [Source: (File); line: 7, column: 1] (through reference chain: java.lang.Object[][0])
]]></system-err>
  </testcase>
</testsuite>